<?xml version="1.0" encoding="UTF-8"?>
<testsuite name="cl.cardenas.servicies.AuthServiceTest" tests="3" skipped="0" failures="0" errors="0" timestamp="2025-07-11T15:55:04" hostname="octavio" time="2.2">
  <properties/>
  <testcase name="signUpShouldSaveUserWhenEmailNotExists()" classname="cl.cardenas.servicies.AuthServiceTest" time="1.628"/>
  <testcase name="loginShouldAuthenticateAndReturnUser()" classname="cl.cardenas.servicies.AuthServiceTest" time="0.501"/>
  <testcase name="signUpShouldThrowExceptionWhenEmailExists()" classname="cl.cardenas.servicies.AuthServiceTest" time="0.054"/>
  <system-out><![CDATA[]]></system-out>
  <system-err><![CDATA[]]></system-err>
</testsuite>
