<?xml version="1.0" encoding="UTF-8"?>
<testsuite name="cl.cardenas.controllers.AuthControllerTest" tests="4" skipped="0" failures="0" errors="0" timestamp="2025-07-14T14:35:13" hostname="octavio" time="1.017">
  <properties/>
  <testcase name="testLoginValidCredentialsReturnsLoginResponse()" classname="cl.cardenas.controllers.AuthControllerTest" time="0.835"/>
  <testcase name="testRegisterValidInputReturnsCreated()" classname="cl.cardenas.controllers.AuthControllerTest" time="0.104"/>
  <testcase name="testRegisterInvalidEmailThrowsEmailNotMatchException()" classname="cl.cardenas.controllers.AuthControllerTest" time="0.023"/>
  <testcase name="testRegisterInvalidPasswordThrowsInvalidPasswordException()" classname="cl.cardenas.controllers.AuthControllerTest" time="0.025"/>
  <system-out><![CDATA[]]></system-out>
  <system-err><![CDATA[]]></system-err>
</testsuite>
