<?xml version="1.0" encoding="UTF-8"?>
<testsuite name="cl.cardenas.servicies.AuthServiceTest" tests="3" skipped="0" failures="0" errors="0" timestamp="2025-07-14T14:35:14" hostname="octavio" time="1.213">
  <properties/>
  <testcase name="signUpShouldSaveUserWhenEmailNotExists()" classname="cl.cardenas.servicies.AuthServiceTest" time="1.024"/>
  <testcase name="loginShouldAuthenticateAndReturnUser()" classname="cl.cardenas.servicies.AuthServiceTest" time="0.167"/>
  <testcase name="signUpShouldThrowExceptionWhenEmailExists()" classname="cl.cardenas.servicies.AuthServiceTest" time="0.016"/>
  <system-out><![CDATA[]]></system-out>
  <system-err><![CDATA[]]></system-err>
</testsuite>
