<?xml version="1.0" encoding="UTF-8"?>
<testsuite name="cl.cardenas.controllers.AuthControllerTest" tests="4" skipped="0" failures="0" errors="0" timestamp="2025-07-11T15:55:02" hostname="octavio" time="2.074">
  <properties/>
  <testcase name="testLoginValidCredentialsReturnsLoginResponse()" classname="cl.cardenas.controllers.AuthControllerTest" time="1.769"/>
  <testcase name="testRegisterValidInputReturnsCreated()" classname="cl.cardenas.controllers.AuthControllerTest" time="0.174"/>
  <testcase name="testRegisterInvalidEmailThrowsEmailNotMatchException()" classname="cl.cardenas.controllers.AuthControllerTest" time="0.041"/>
  <testcase name="testRegisterInvalidPasswordThrowsInvalidPasswordException()" classname="cl.cardenas.controllers.AuthControllerTest" time="0.027"/>
  <system-out><![CDATA[]]></system-out>
  <system-err><![CDATA[]]></system-err>
</testsuite>
