<?xml version="1.0" encoding="UTF-8"?>
<testsuite name="cl.cardenas.WebApplicationTests" tests="1" skipped="0" failures="0" errors="0" timestamp="2025-07-14T14:35:12" hostname="octavio" time="1.166">
  <properties/>
  <testcase name="contextLoads()" classname="cl.cardenas.WebApplicationTests" time="1.166"/>
  <system-out><![CDATA[10:34:48.866 [Test worker] INFO org.springframework.test.context.support.AnnotationConfigContextLoaderUtils -- Could not detect default configuration classes for test class [cl.cardenas.WebApplicationTests]: WebApplicationTests does not declare any static, non-private, non-final, nested classes annotated with @Configuration.
10:34:49.504 [Test worker] INFO org.springframework.boot.test.context.SpringBootTestContextBootstrapper -- Found @SpringBootConfiguration cl.cardenas.WebApplication for test class cl.cardenas.WebApplicationTests

  .   ____          _            __ _ _
 /\\ / ___'_ __ _ _(_)_ __  __ _ \ \ \ \
( ( )\___ | '_ | '_| | '_ \/ _` | \ \ \ \
 \\/  ___)| |_)| | | | | || (_| |  ) ) ) )
  '  |____| .__|_| |_|_| |_\__, | / / / /
 =========|_|==============|___/=/_/_/_/

 :: Spring Boot ::                (v3.5.3)

2025-07-14T10:34:52.046-04:00  INFO 12577 --- [    Test worker] cl.cardenas.WebApplicationTests          : Starting WebApplicationTests using Java 17.0.15 with PID 12577 (started by octavio in /home/octavio/workspaces/nisum-test)
2025-07-14T10:34:52.093-04:00  INFO 12577 --- [    Test worker] cl.cardenas.WebApplicationTests          : No active profile set, falling back to 1 default profile: "default"
2025-07-14T10:34:58.563-04:00  INFO 12577 --- [    Test worker] .s.d.r.c.RepositoryConfigurationDelegate : Bootstrapping Spring Data JPA repositories in DEFAULT mode.
2025-07-14T10:34:58.773-04:00  INFO 12577 --- [    Test worker] .s.d.r.c.RepositoryConfigurationDelegate : Finished Spring Data repository scanning in 160 ms. Found 1 JPA repository interface.
2025-07-14T10:35:01.404-04:00  INFO 12577 --- [    Test worker] o.hibernate.jpa.internal.util.LogHelper  : HHH000204: Processing PersistenceUnitInfo [name: default]
2025-07-14T10:35:01.839-04:00  INFO 12577 --- [    Test worker] org.hibernate.Version                    : HHH000412: Hibernate ORM core version 6.6.18.Final
2025-07-14T10:35:02.097-04:00  INFO 12577 --- [    Test worker] o.h.c.internal.RegionFactoryInitiator    : HHH000026: Second-level cache disabled
2025-07-14T10:35:03.458-04:00  INFO 12577 --- [    Test worker] o.s.o.j.p.SpringPersistenceUnitInfo      : No LoadTimeWeaver setup: ignoring JPA class transformer
2025-07-14T10:35:03.651-04:00  INFO 12577 --- [    Test worker] com.zaxxer.hikari.HikariDataSource       : HikariPool-1 - Starting...
2025-07-14T10:35:04.220-04:00  INFO 12577 --- [    Test worker] com.zaxxer.hikari.pool.HikariPool        : HikariPool-1 - Added connection conn0: url=jdbc:h2:mem:testdb user=SA
2025-07-14T10:35:04.225-04:00  INFO 12577 --- [    Test worker] com.zaxxer.hikari.HikariDataSource       : HikariPool-1 - Start completed.
2025-07-14T10:35:04.412-04:00  WARN 12577 --- [    Test worker] org.hibernate.orm.deprecation            : HHH90000025: H2Dialect does not need to be specified explicitly using 'hibernate.dialect' (remove the property setting and it will be selected by default)
2025-07-14T10:35:04.497-04:00  INFO 12577 --- [    Test worker] org.hibernate.orm.connections.pooling    : HHH10001005: Database info:
	Database JDBC URL [Connecting through datasource 'HikariDataSource (HikariPool-1)']
	Database driver: undefined/unknown
	Database version: 2.3.232
	Autocommit mode: undefined/unknown
	Isolation level: undefined/unknown
	Minimum pool size: undefined/unknown
	Maximum pool size: undefined/unknown
2025-07-14T10:35:07.536-04:00  INFO 12577 --- [    Test worker] o.h.e.t.j.p.i.JtaPlatformInitiator       : HHH000489: No JTA platform available (set 'hibernate.transaction.jta.platform' to enable JTA platform integration)
Hibernate: create table phone (id bigint generated by default as identity, city_code varchar(255) not null, country_code varchar(255) not null, number varchar(255) not null, user_id bigint not null, primary key (id))
Hibernate: create table users (id bigint generated by default as identity, created timestamp(6) not null, email varchar(255) not null, is_active boolean not null, modified timestamp(6) not null, name varchar(255) not null, password varchar(255) not null, token varchar(255), primary key (id))
Hibernate: alter table if exists users drop constraint if exists UK6dotkott2kjsp8vw4d0m25fb7
Hibernate: alter table if exists users add constraint UK6dotkott2kjsp8vw4d0m25fb7 unique (email)
Hibernate: alter table if exists phone add constraint FKik7a2etdorybvoolvchfcvgkx foreign key (user_id) references users
2025-07-14T10:35:07.761-04:00  INFO 12577 --- [    Test worker] j.LocalContainerEntityManagerFactoryBean : Initialized JPA EntityManagerFactory for persistence unit 'default'
2025-07-14T10:35:08.963-04:00  INFO 12577 --- [    Test worker] r$InitializeUserDetailsManagerConfigurer : Global AuthenticationManager configured with UserDetailsService bean with name customUserDetailsService
2025-07-14T10:35:09.514-04:00  WARN 12577 --- [    Test worker] JpaBaseConfiguration$JpaWebConfiguration : spring.jpa.open-in-view is enabled by default. Therefore, database queries may be performed during view rendering. Explicitly configure spring.jpa.open-in-view to disable this warning
2025-07-14T10:35:11.906-04:00  INFO 12577 --- [    Test worker] o.s.b.a.h2.H2ConsoleAutoConfiguration    : H2 console available at '/h2-console'. Database available at 'jdbc:h2:mem:testdb'
2025-07-14T10:35:12.378-04:00  INFO 12577 --- [    Test worker] cl.cardenas.WebApplicationTests          : Started WebApplicationTests in 21.898 seconds (process running for 27.364)
]]></system-out>
  <system-err><![CDATA[]]></system-err>
</testsuite>
