<?xml version="1.0" encoding="UTF-8"?>
<testsuite name="cl.cardenas.servicies.CustomUserDetailsServiceTest" tests="2" skipped="0" failures="0" errors="0" timestamp="2025-07-14T14:35:15" hostname="octavio" time="0.028">
  <properties/>
  <testcase name="loadUserByUsernameShouldReturnUserDetailsWhenUserExists()" classname="cl.cardenas.servicies.CustomUserDetailsServiceTest" time="0.015"/>
  <testcase name="loadUserByUsernameShouldThrowExceptionWhenUserNotFound()" classname="cl.cardenas.servicies.CustomUserDetailsServiceTest" time="0.011"/>
  <system-out><![CDATA[]]></system-out>
  <system-err><![CDATA[]]></system-err>
</testsuite>
